2022-09-30 09:34:48,054 ERROR [Log] homeActivityOperations() is Fail! --- Expected condition failed: waiting for visibility of element located by By.id: android:id/button2 (tried for 10 second(s) with 500 milliseconds interval) 
2022-09-30 09:36:29,363 ERROR [Log] homeActivityOperations() is Fail! --- Expected condition failed: waiting for visibility of element located by By.id: android:id/button2 (tried for 10 second(s) with 500 milliseconds interval) 
2022-09-30 09:37:39,154 INFO  [Log] homeActivityOperations() is Successfull! 
2022-09-30 09:37:50,402 INFO  [Log] socksListActivityOperations() is Successfull! 
2022-09-30 09:38:10,155 INFO  [Log] sockDetailActivityOperations() is Successfull! 
2022-09-30 09:38:13,692 INFO  [Log] basketActivityOperations() is Successfull! 
2022-09-30 09:39:15,208 ERROR [Log] loginActivityOperations() is Fail! --- Expected condition failed: waiting for visibility of element located by By.xpath: /hierarchy/android.widget.FrameLayout/android.widget.LinearLayout/android.widget.FrameLayout/android.widget.LinearLayout/android.widget.FrameLayout/android.widget.FrameLayout/android.view.ViewGroup/android.view.ViewGroup/android.view.ViewGroup/android.view.ViewGroup/android.view.ViewGroup/android.view.ViewGroup/android.view.ViewGroup/android.view.ViewGroup/android.view.ViewGroup/android.view.ViewGroup/android.view.ViewGroup[1]/android.view.ViewGroup/android.view.ViewGroup/android.view.ViewGroup/android.view.ViewGroup/android.view.ViewGroup/android.view.ViewGroup[2]/android.widget.ScrollView/android.view.ViewGroup/android.view.ViewGroup[3]/android.view.ViewGroup (tried for 10 second(s) with 500 milliseconds interval) 
2022-09-30 09:40:18,335 INFO  [Log] homeActivityOperations() is Successfull! 
2022-09-30 09:41:10,135 INFO  [Log] homeActivityOperations() is Successfull! 
2022-09-30 09:41:16,069 INFO  [Log] socksListActivityOperations() is Successfull! 
2022-09-30 09:41:24,110 INFO  [Log] sockDetailActivityOperations() is Successfull! 
2022-09-30 09:41:28,132 INFO  [Log] basketActivityOperations() is Successfull! 
2022-09-30 09:41:38,095 INFO  [Log] loginActivityOperations() is Successfull! 
2022-09-30 09:43:28,141 ERROR [Log] orderActivityOperations() is Fail! --- Expected condition failed: waiting for visibility of element located by By.xpath: /hierarchy/android.widget.FrameLayout/android.widget.LinearLayout/android.widget.FrameLayout/android.widget.LinearLayout/android.widget.FrameLayout/android.widget.FrameLayout/android.view.ViewGroup/android.view.ViewGroup/android.view.ViewGroup/android.view.ViewGroup/android.view.ViewGroup/android.view.ViewGroup/android.view.ViewGroup/android.view.ViewGroup/android.view.ViewGroup/android.view.ViewGroup/android.view.ViewGroup[1]/android.view.ViewGroup/android.view.ViewGroup/android.view.ViewGroup/android.view.ViewGroup/android.view.ViewGroup[2]/android.webkit.WebView/android.webkit.WebView/android.view.View/android.view.View/android.view.View[1]/android.widget.TextView[2] (tried for 10 second(s) with 500 milliseconds interval) 
2022-09-30 09:44:40,098 INFO  [Log] homeActivityOperations() is Successfull! 
2022-09-30 09:44:46,408 INFO  [Log] socksListActivityOperations() is Successfull! 
2022-09-30 09:44:54,306 INFO  [Log] sockDetailActivityOperations() is Successfull! 
2022-09-30 09:44:58,173 INFO  [Log] basketActivityOperations() is Successfull! 
2022-09-30 09:45:07,632 INFO  [Log] loginActivityOperations() is Successfull! 
2022-09-30 09:46:12,376 INFO  [Log] orderActivityOperations() is Successfull! 
2022-09-30 09:56:21,494 INFO  [Log] homeActivityOperations() is Successfull! 
2022-09-30 09:56:27,381 INFO  [Log] socksListActivityOperations() is Successfull! 
2022-09-30 09:56:34,451 INFO  [Log] sockDetailActivityOperations() is Successfull! 
2022-09-30 09:56:38,662 INFO  [Log] basketActivityOperations() is Successfull! 
2022-09-30 09:56:48,201 INFO  [Log] loginActivityOperations() is Successfull! 
2022-09-30 09:57:57,594 INFO  [Log] orderActivityOperations() is Successfull! 
